# JRE version: Java(TM) SE Runtime Environment (8.0_201-b09) (build 1.8.0_201-b09)
# Java VM: Java HotSpot(TM) 64-Bit Server VM (25.201-b09 mixed mode bsd-amd64 compressed oops)
Heap:
 PSYoungGen      total 287744K, used 13507K [0x000000076ab00000, 0x000000077ec80000, 0x00000007c0000000)
  eden space 279552K, 1% used [0x000000076ab00000,0x000000076b03fe58,0x000000077bc00000)
  from space 8192K, 99% used [0x000000077d480000,0x000000077dc71150,0x000000077dc80000)
  to   space 13312K, 0% used [0x000000077df80000,0x000000077df80000,0x000000077ec80000)
 ParOldGen       total 116736K, used 62042K [0x00000006c0000000, 0x00000006c7200000, 0x000000076ab00000)
  object space 116736K, 53% used [0x00000006c0000000,0x00000006c3c96be0,0x00000006c7200000)
 Metaspace       used 25592K, capacity 26420K, committed 26624K, reserved 1073152K
  class space    used 3294K, capacity 3505K, committed 3584K, reserved 1048576K
GC Heap History (10 events):
Event: 34732.030 GC heap before
{Heap before GC invocations=1228 (full 266):
 PSYoungGen      total 322560K, used 148219K [0x000000076ab00000, 0x0000000780680000, 0x00000007c0000000)
  eden space 313856K, 44% used [0x000000076ab00000,0x00000007733a3f90,0x000000077dd80000)
  from space 8704K, 95% used [0x000000077ed80000,0x000000077f59adf8,0x000000077f600000)
  to   space 13824K, 0% used [0x000000077f900000,0x000000077f900000,0x0000000780680000)
 ParOldGen       total 116736K, used 61430K [0x00000006c0000000, 0x00000006c7200000, 0x000000076ab00000)
  object space 116736K, 52% used [0x00000006c0000000,0x00000006c3bfd940,0x00000006c7200000)
 Metaspace       used 25573K, capacity 26420K, committed 26624K, reserved 1073152K
  class space    used 3294K, capacity 3505K, committed 3584K, reserved 1048576K
Event: 34732.038 GC heap after
Heap after GC invocations=1228 (full 266):
 PSYoungGen      total 317440K, used 3368K [0x000000076ab00000, 0x000000077fc80000, 0x00000007c0000000)
  eden space 313856K, 0% used [0x000000076ab00000,0x000000076ab00000,0x000000077dd80000)
  from space 3584K, 93% used [0x000000077f900000,0x000000077fc4a058,0x000000077fc80000)
  to   space 14336K, 0% used [0x000000077e080000,0x000000077e080000,0x000000077ee80000)
 ParOldGen       total 116736K, used 62002K [0x00000006c0000000, 0x00000006c7200000, 0x000000076ab00000)
  object space 116736K, 53% used [0x00000006c0000000,0x00000006c3c8c8a0,0x00000006c7200000)
 Metaspace       used 25573K, capacity 26420K, committed 26624K, reserved 1073152K
  class space    used 3294K, capacity 3505K, committed 3584K, reserved 1048576K
}
Event: 34732.038 GC heap before
{Heap before GC invocations=1229 (full 267):
 PSYoungGen      total 317440K, used 3368K [0x000000076ab00000, 0x000000077fc80000, 0x00000007c0000000)
  eden space 313856K, 0% used [0x000000076ab00000,0x000000076ab00000,0x000000077dd80000)
  from space 3584K, 93% used [0x000000077f900000,0x000000077fc4a058,0x000000077fc80000)
  to   space 14336K, 0% used [0x000000077e080000,0x000000077e080000,0x000000077ee80000)
 ParOldGen       total 116736K, used 62002K [0x00000006c0000000, 0x00000006c7200000, 0x000000076ab00000)
  object space 116736K, 53% used [0x00000006c0000000,0x00000006c3c8c8a0,0x00000006c7200000)
 Metaspace       used 25573K, capacity 26420K, committed 26624K, reserved 1073152K
  class space    used 3294K, capacity 3505K, committed 3584K, reserved 1048576K
Event: 34732.173 GC heap after
Heap after GC invocations=1229 (full 267):
 PSYoungGen      total 317440K, used 0K [0x000000076ab00000, 0x000000077fc80000, 0x00000007c0000000)
  eden space 313856K, 0% used [0x000000076ab00000,0x000000076ab00000,0x000000077dd80000)
  from space 3584K, 0% used [0x000000077f900000,0x000000077f900000,0x000000077fc80000)
  to   space 14336K, 0% used [0x000000077e080000,0x000000077e080000,0x000000077ee80000)
 ParOldGen       total 116736K, used 61471K [0x00000006c0000000, 0x00000006c7200000, 0x000000076ab00000)
  object space 116736K, 52% used [0x00000006c0000000,0x00000006c3c07c80,0x00000006c7200000)
 Metaspace       used 25573K, capacity 26420K, committed 26624K, reserved 1073152K
  class space    used 3294K, capacity 3505K, committed 3584K, reserved 1048576K
}
Event: 34733.267 GC heap before
{Heap before GC invocations=1230 (full 267):
 PSYoungGen      total 317440K, used 313856K [0x000000076ab00000, 0x000000077fc80000, 0x00000007c0000000)
  eden space 313856K, 100% used [0x000000076ab00000,0x000000077dd80000,0x000000077dd80000)
  from space 3584K, 0% used [0x000000077f900000,0x000000077f900000,0x000000077fc80000)
  to   space 14336K, 0% used [0x000000077e080000,0x000000077e080000,0x000000077ee80000)
 ParOldGen       total 116736K, used 61471K [0x00000006c0000000, 0x00000006c7200000, 0x000000076ab00000)
  object space 116736K, 52% used [0x00000006c0000000,0x00000006c3c07c80,0x00000006c7200000)
 Metaspace       used 25578K, capacity 26420K, committed 26624K, reserved 1073152K
  class space    used 3294K, capacity 3505K, committed 3584K, reserved 1048576K
Event: 34733.273 GC heap after
Heap after GC invocations=1230 (full 267):
 PSYoungGen      total 307200K, used 5428K [0x000000076ab00000, 0x000000077f980000, 0x00000007c0000000)
  eden space 301568K, 0% used [0x000000076ab00000,0x000000076ab00000,0x000000077d180000)
  from space 5632K, 96% used [0x000000077e080000,0x000000077e5cd018,0x000000077e600000)
  to   space 13824K, 0% used [0x000000077ec00000,0x000000077ec00000,0x000000077f980000)
 ParOldGen       total 116736K, used 61471K [0x00000006c0000000, 0x00000006c7200000, 0x000000076ab00000)
  object space 116736K, 52% used [0x00000006c0000000,0x00000006c3c07c80,0x00000006c7200000)
 Metaspace       used 25578K, capacity 26420K, committed 26624K, reserved 1073152K
  class space    used 3294K, capacity 3505K, committed 3584K, reserved 1048576K
}
Event: 42630.288 GC heap before
{Heap before GC invocations=1231 (full 267):
 PSYoungGen      total 307200K, used 306996K [0x000000076ab00000, 0x000000077f980000, 0x00000007c0000000)
  eden space 301568K, 100% used [0x000000076ab00000,0x000000077d180000,0x000000077d180000)
  from space 5632K, 96% used [0x000000077e080000,0x000000077e5cd018,0x000000077e600000)
  to   space 13824K, 0% used [0x000000077ec00000,0x000000077ec00000,0x000000077f980000)
 ParOldGen       total 116736K, used 61471K [0x00000006c0000000, 0x00000006c7200000, 0x000000076ab00000)
  object space 116736K, 52% used [0x00000006c0000000,0x00000006c3c07c80,0x00000006c7200000)
 Metaspace       used 25580K, capacity 26420K, committed 26624K, reserved 1073152K
  class space    used 3294K, capacity 3505K, committed 3584K, reserved 1048576K
Event: 42630.303 GC heap after
Heap after GC invocations=1231 (full 267):
 PSYoungGen      total 293888K, used 3373K [0x000000076ab00000, 0x000000077ef80000, 0x00000007c0000000)
  eden space 290304K, 0% used [0x000000076ab00000,0x000000076ab00000,0x000000077c680000)
  from space 3584K, 94% used [0x000000077ec00000,0x000000077ef4b468,0x000000077ef80000)
  to   space 13824K, 0% used [0x000000077d480000,0x000000077d480000,0x000000077e200000)
 ParOldGen       total 116736K, used 62042K [0x00000006c0000000, 0x00000006c7200000, 0x000000076ab00000)
  object space 116736K, 53% used [0x00000006c0000000,0x00000006c3c96be0,0x00000006c7200000)
 Metaspace       used 25580K, capacity 26420K, committed 26624K, reserved 1073152K
  class space    used 3294K, capacity 3505K, committed 3584K, reserved 1048576K
}
Event: 47679.104 GC heap before
{Heap before GC invocations=1232 (full 267):
 PSYoungGen      total 293888K, used 291607K [0x000000076ab00000, 0x000000077ef80000, 0x00000007c0000000)
  eden space 290304K, 99% used [0x000000076ab00000,0x000000077c47a878,0x000000077c680000)
  from space 3584K, 94% used [0x000000077ec00000,0x000000077ef4b468,0x000000077ef80000)
  to   space 13824K, 0% used [0x000000077d480000,0x000000077d480000,0x000000077e200000)
 ParOldGen       total 116736K, used 62042K [0x00000006c0000000, 0x00000006c7200000, 0x000000076ab00000)
  object space 116736K, 53% used [0x00000006c0000000,0x00000006c3c96be0,0x00000006c7200000)
 Metaspace       used 25592K, capacity 26420K, committed 26624K, reserved 1073152K
  class space    used 3294K, capacity 3505K, committed 3584K, reserved 1048576K
Event: 47679.117 GC heap after
Heap after GC invocations=1232 (full 267):
 PSYoungGen      total 287744K, used 8132K [0x000000076ab00000, 0x000000077ec80000, 0x00000007c0000000)
  eden space 279552K, 0% used [0x000000076ab00000,0x000000076ab00000,0x000000077bc00000)
  from space 8192K, 99% used [0x000000077d480000,0x000000077dc71150,0x000000077dc80000)
  to   space 13312K, 0% used [0x000000077df80000,0x000000077df80000,0x000000077ec80000)
 ParOldGen       total 116736K, used 62042K [0x00000006c0000000, 0x00000006c7200000, 0x000000076ab00000)
  object space 116736K, 53% used [0x00000006c0000000,0x00000006c3c96be0,0x00000006c7200000)
 Metaspace       used 25592K, capacity 26420K, committed 26624K, reserved 1073152K
  class space    used 3294K, capacity 3505K, committed 3584K, reserved 1048576K
}

